android/app/build/outputs/logs/manifest-merger-debug-report.txt
-- Merging decision tree log ---
manifest
ADDED from src\main\AndroidManifest.xml:1:1-25:12
INJECTED from src\main\AndroidManifest.xml:1:1-25:12
INJECTED from src\main\AndroidManifest.xml:1:1-25:12
INJECTED from src\main\AndroidManifest.xml:1:1-25:12
MERGED from src\main\AndroidManifest.xml:1:1-25:12
MERGED from [com.facebook.flipper:flipper-network-plugin:0.182.0] AndroidManifest.xml:8:1-15:12
MERGED from [com.facebook.flipper:flipper-fresco-plugin:0.182.0] AndroidManifest.xml:8:1-15:12
MERGED from [com.facebook.flipper:flipper:0.182.0] AndroidManifest.xml:8:1-18:12
MERGED from [:react-native-async-storage_async-storage] AndroidManifest.xml:2:1-7:12
MERGED from [:react-native-picker_picker] AndroidManifest.xml:2:1-7:12
MERGED from [:react-native-geolocation-service] AndroidManifest.xml:2:1-7:12
MERGED from [:react-native-gesture-handler] AndroidManifest.xml:2:1-7:12
MERGED from [:react-native-linear-gradient] AndroidManifest.xml:2:1-7:12
MERGED from [:react-native-maps] AndroidManifest.xml:2:1-7:12
MERGED from [:react-native-randombytes] AndroidManifest.xml:2:1-7:12
MERGED from [:react-native-safe-area-context] AndroidManifest.xml:2:1-7:12
MERGED from [:react-native-screens] AndroidManifest.xml:2:1-7:12
MERGED from [:react-native-splash-screen] AndroidManifest.xml:2:1-7:12
MERGED from [:react-native-svg] AndroidManifest.xml:2:1-7:12
MERGED from [:react-native-vector-icons] AndroidManifest.xml:2:1-7:12
MERGED from [com.facebook.react:react-android:0.72.6] AndroidManifest.xml:2:1-7:12
MERGED from [com.facebook.react:hermes-android:0.72.6] AndroidManifest.xml:2:1-7:12
MERGED from [com.facebook.fresco:imagepipeline-okhttp3:2.5.0] AndroidManifest.xml:2:1-9:12
MERGED from [com.google.android.gms:play-services-location:20.0.0] AndroidManifest.xml:2:1-9:12
MERGED from [com.google.android.gms:play-services-maps:18.0.2] AndroidManifest.xml:17:1-44:12
MERGED from [com.google.android.gms:play-services-base:18.1.0] AndroidManifest.xml:16:1-24:12
MERGED from [com.google.android.material:material:1.9.0] AndroidManifest.xml:17:1-26:12
MERGED from [androidx.appcompat:appcompat-resources:1.5.0] AndroidManifest.xml:17:1-22:12
MERGED from [androidx.constraintlayout:constraintlayout:2.0.1] AndroidManifest.xml:2:1-11:12
MERGED from [androidx.appcompat:appcompat:1.5.0] AndroidManifest.xml:17:1-22:12
MERGED from [com.google.android.gms:play-services-tasks:18.0.2] AndroidManifest.xml:2:1-6:12
MERGED from [com.google.android.gms:play-services-basement:18.1.0] AndroidManifest.xml:16:1-26:12
MERGED from [androidx.viewpager2:viewpager2:1.0.0] AndroidManifest.xml:17:1-24:12
MERGED from [androidx.fragment:fragment:1.3.6] AndroidManifest.xml:17:1-24:12
MERGED from [androidx.activity:activity:1.5.0] AndroidManifest.xml:17:1-24:12
MERGED from [androidx.dynamicanimation:dynamicanimation:1.0.0] AndroidManifest.xml:17:1-22:12
MERGED from [androidx.legacy:legacy-support-core-utils:1.0.0] AndroidManifest.xml:17:1-22:12
MERGED from [androidx.loader:loader:1.0.0] AndroidManifest.xml:17:1-22:12
MERGED from [androidx.lifecycle:lifecycle-viewmodel:2.5.0] AndroidManifest.xml:17:1-24:12
MERGED from [androidx.lifecycle:lifecycle-viewmodel-savedstate:2.5.0] AndroidManifest.xml:17:1-24:12
MERGED from [androidx.core:core-ktx:1.8.0] AndroidManifest.xml:2:1-9:12
MERGED from [androidx.savedstate:savedstate:1.2.0] AndroidManifest.xml:17:1-24:12
MERGED from [com.android.ndk.thirdparty:openssl:1.1.1l-beta-1] AndroidManifest.xml:1:1-3:12
MERGED from [com.facebook.fbjni:fbjni:0.3.0] AndroidManifest.xml:2:1-9:12
MERGED from [com.facebook.fresco:flipper:2.6.0] AndroidManifest.xml:2:1-9:12
MERGED from [com.facebook.fresco:stetho:2.6.0] AndroidManifest.xml:2:1-9:12
MERGED from [com.facebook.fresco:fresco:2.6.0] AndroidManifest.xml:2:1-9:12
MERGED from [com.facebook.fresco:soloader:2.6.0] AndroidManifest.xml:2:1-9:12
MERGED from [com.facebook.fresco:drawee:2.6.0] AndroidManifest.xml:2:1-9:12
MERGED from [com.facebook.fresco:nativeimagefilters:2.6.0] AndroidManifest.xml:2:1-9:12
MERGED from [com.facebook.fresco:memory-type-native:2.6.0] AndroidManifest.xml:2:1-9:12
MERGED from [com.facebook.fresco:memory-type-java:2.6.0] AndroidManifest.xml:2:1-9:12
MERGED from [com.facebook.fresco:imagepipeline-native:2.6.0] AndroidManifest.xml:2:1-9:12
MERGED from [com.facebook.soloader:soloader:0.10.5] AndroidManifest.xml:2:1-17:12
MERGED from [com.facebook.fresco:memory-type-ashmem:2.6.0] AndroidManifest.xml:2:1-9:12
MERGED from [com.facebook.fresco:imagepipeline:2.6.0] AndroidManifest.xml:2:1-9:12
MERGED from [com.facebook.fresco:nativeimagetranscoder:2.6.0] AndroidManifest.xml:2:1-9:12
MERGED from [com.facebook.fresco:imagepipeline-base:2.6.0] AndroidManifest.xml:2:1-9:12
MERGED from [androidx.work:work-runtime:2.7.1] AndroidManifest.xml:17:1-145:12
MERGED from [androidx.room:room-runtime:2.2.5] AndroidManifest.xml:17:1-31:12
MERGED from [androidx.sqlite:sqlite-framework:2.2.0] AndroidManifest.xml:17:1-24:12
MERGED from [androidx.autofill:autofill:1.1.0] AndroidManifest.xml:17:1-24:12
MERGED from [androidx.swiperefreshlayout:swiperefreshlayout:1.1.0] AndroidManifest.xml:17:1-24:12
MERGED from [androidx.emoji2:emoji2-views-helper:1.2.0] AndroidManifest.xml:2:1-7:12
MERGED from [androidx.emoji2:emoji2:1.2.0] AndroidManifest.xml:17:1-35:12
MERGED from [androidx.lifecycle:lifecycle-process:2.4.1] AndroidManifest.xml:17:1-37:12
MERGED from [androidx.startup:startup-runtime:1.1.1] AndroidManifest.xml:17:1-33:12
MERGED from [androidx.tracing:tracing:1.1.0] AndroidManifest.xml:17:1-24:12
MERGED from [com.facebook.fresco:middleware:2.6.0] AndroidManifest.xml:2:1-9:12
MERGED from [com.facebook.fresco:ui-common:2.6.0] AndroidManifest.xml:2:1-9:12
MERGED from [androidx.coordinatorlayout:coordinatorlayout:1.2.0] AndroidManifest.xml:17:1-24:12
MERGED from [androidx.sqlite:sqlite:2.2.0] AndroidManifest.xml:17:1-24:12
MERGED from [androidx.vectordrawable:vectordrawable-animated:1.1.0] AndroidManifest.xml:17:1-24:12
MERGED from [androidx.vectordrawable:vectordrawable:1.1.0] AndroidManifest.xml:17:1-24:12
MERGED from [androidx.viewpager:viewpager:1.0.0] AndroidManifest.xml:17:1-22:12
MERGED from [androidx.drawerlayout:drawerlayout:1.1.1] AndroidManifest.xml:17:1-24:12
MERGED from [androidx.transition:transition:1.2.0] AndroidManifest.xml:17:1-24:12
MERGED from [androidx.recyclerview:recyclerview:1.1.0] AndroidManifest.xml:17:1-24:12
MERGED from [androidx.customview:customview:1.1.0] AndroidManifest.xml:17:1-24:12
MERGED from [androidx.core:core:1.8.0] AndroidManifest.xml:17:1-26:12
MERGED from [androidx.cursoradapter:cursoradapter:1.0.0] AndroidManifest.xml:17:1-22:12
MERGED from [androidx.interpolator:interpolator:1.0.0] AndroidManifest.xml:17:1-22:12
MERGED from [androidx.versionedparcelable:versionedparcelable:1.1.1] AndroidManifest.xml:17:1-27:12
MERGED from [androidx.cardview:cardview:1.0.0] AndroidManifest.xml:17:1-22:12
MERGED from [androidx.lifecycle:lifecycle-livedata:2.1.0] AndroidManifest.xml:17:1-22:12
MERGED from [androidx.lifecycle:lifecycle-service:2.1.0] AndroidManifest.xml:17:1-22:12
MERGED from [androidx.lifecycle:lifecycle-runtime:2.5.0] AndroidManifest.xml:17:1-24:12
MERGED from [androidx.lifecycle:lifecycle-livedata-core:2.5.0] AndroidManifest.xml:17:1-24:12
MERGED from [androidx.arch.core:core-runtime:2.1.0] AndroidManifest.xml:17:1-24:12
MERGED from [androidx.documentfile:documentfile:1.0.0] AndroidManifest.xml:17:1-22:12
MERGED from [androidx.localbroadcastmanager:localbroadcastmanager:1.0.0] AndroidManifest.xml:17:1-22:12
MERGED from [androidx.print:print:1.0.0] AndroidManifest.xml:17:1-22:12
MERGED from [com.google.maps.android:android-maps-utils:3.4.0] AndroidManifest.xml:2:1-15:12
MERGED from [com.facebook.fresco:fbcore:2.6.0] AndroidManifest.xml:2:1-9:12
MERGED from [androidx.annotation:annotation-experimental:1.1.0] AndroidManifest.xml:17:1-24:12
INJECTED from src\debug\AndroidManifest.xml:2:1-13:12
INJECTED from src\debug\AndroidManifest.xml:2:1-13:12
INJECTED from src\debug\AndroidManifest.xml:2:1-13:12
	package
		INJECTED from src\main\AndroidManifest.xml
		ADDED from src\main\AndroidManifest.xml:1:1-25:12
		INJECTED from src\debug\AndroidManifest.xml
	android:versionName
		INJECTED from src\main\AndroidManifest.xml
		ADDED from src\main\AndroidManifest.xml:1:1-25:12
		INJECTED from src\debug\AndroidManifest.xml
	xmlns:tools
		ADDED from src\debug\AndroidManifest.xml:3:5-51
	android:versionCode
		INJECTED from src\main\AndroidManifest.xml
		ADDED from src\main\AndroidManifest.xml:1:1-25:12
		INJECTED from src\debug\AndroidManifest.xml
	xmlns:android
		ADDED from src\main\AndroidManifest.xml:1:11-69
uses-permission#android.permission.INTERNET
ADDED from src\main\AndroidManifest.xml:3:5-67
MERGED from [com.facebook.flipper:flipper:0.182.0] AndroidManifest.xml:15:5-67
MERGED from [com.facebook.flipper:flipper:0.182.0] AndroidManifest.xml:15:5-67
MERGED from [com.google.android.gms:play-services-maps:18.0.2] AndroidManifest.xml:24:5-67
MERGED from [com.google.android.gms:play-services-maps:18.0.2] AndroidManifest.xml:24:5-67
	android:name
		ADDED from src\main\AndroidManifest.xml:3:22-64
application
ADDED from src\main\AndroidManifest.xml:5:5-24:19
MERGED from src\main\AndroidManifest.xml:5:5-24:19
MERGED from src\main\AndroidManifest.xml:5:5-24:19
MERGED from [com.google.android.gms:play-services-location:20.0.0] AndroidManifest.xml:7:5-20
MERGED from [com.google.android.gms:play-services-location:20.0.0] AndroidManifest.xml:7:5-20
MERGED from [com.google.android.gms:play-services-maps:18.0.2] AndroidManifest.xml:36:5-42:19
MERGED from [com.google.android.gms:play-services-maps:18.0.2] AndroidManifest.xml:36:5-42:19
MERGED from [com.google.android.gms:play-services-base:18.1.0] AndroidManifest.xml:19:5-23:19
MERGED from [com.google.android.gms:play-services-base:18.1.0] AndroidManifest.xml:19:5-23:19
MERGED from [com.google.android.material:material:1.9.0] AndroidManifest.xml:24:5-20
MERGED from [com.google.android.material:material:1.9.0] AndroidManifest.xml:24:5-20
MERGED from [androidx.constraintlayout:constraintlayout:2.0.1] AndroidManifest.xml:9:5-20
MERGED from [androidx.constraintlayout:constraintlayout:2.0.1] AndroidManifest.xml:9:5-20
MERGED from [com.google.android.gms:play-services-tasks:18.0.2] AndroidManifest.xml:5:5-20
MERGED from [com.google.android.gms:play-services-tasks:18.0.2] AndroidManifest.xml:5:5-20
MERGED from [com.google.android.gms:play-services-basement:18.1.0] AndroidManifest.xml:20:5-24:19
MERGED from [com.google.android.gms:play-services-basement:18.1.0] AndroidManifest.xml:20:5-24:19
MERGED from [com.facebook.soloader:soloader:0.10.5] AndroidManifest.xml:11:5-15:19
MERGED from [com.facebook.soloader:soloader:0.10.5] AndroidManifest.xml:11:5-15:19
MERGED from [androidx.work:work-runtime:2.7.1] AndroidManifest.xml:30:5-143:19
MERGED from [androidx.work:work-runtime:2.7.1] AndroidManifest.xml:30:5-143:19
MERGED from [androidx.room:room-runtime:2.2.5] AndroidManifest.xml:24:5-29:19
MERGED from [androidx.room:room-runtime:2.2.5] AndroidManifest.xml:24:5-29:19
MERGED from [androidx.emoji2:emoji2:1.2.0] AndroidManifest.xml:23:5-33:19
MERGED from [androidx.emoji2:emoji2:1.2.0] AndroidManifest.xml:23:5-33:19
MERGED from [androidx.lifecycle:lifecycle-process:2.4.1] AndroidManifest.xml:25:5-35:19
MERGED from [androidx.lifecycle:lifecycle-process:2.4.1] AndroidManifest.xml:25:5-35:19
MERGED from [androidx.startup:startup-runtime:1.1.1] AndroidManifest.xml:25:5-31:19
MERGED from [androidx.startup:startup-runtime:1.1.1] AndroidManifest.xml:25:5-31:19
MERGED from [androidx.core:core:1.8.0] AndroidManifest.xml:24:5-89
MERGED from [androidx.core:core:1.8.0] AndroidManifest.xml:24:5-89
MERGED from [androidx.versionedparcelable:versionedparcelable:1.1.1] AndroidManifest.xml:24:5-25:19
MERGED from [androidx.versionedparcelable:versionedparcelable:1.1.1] AndroidManifest.xml:24:5-25:19
MERGED from [com.google.maps.android:android-maps-utils:3.4.0] AndroidManifest.xml:9:5-13:19
MERGED from [com.google.maps.android:android-maps-utils:3.4.0] AndroidManifest.xml:9:5-13:19
	android:appComponentFactory
		ADDED from [androidx.core:core:1.8.0] AndroidManifest.xml:24:18-86
	android:label
		ADDED from src\main\AndroidManifest.xml:7:7-39
		ADDED from src\main\AndroidManifest.xml:7:7-39
	tools:ignore
		ADDED from src\debug\AndroidManifest.xml:10:9-48
	android:roundIcon
		ADDED from src\main\AndroidManifest.xml:9:7-52
		ADDED from src\main\AndroidManifest.xml:9:7-52
	tools:targetApi
		ADDED from src\debug\AndroidManifest.xml:9:9-29
	android:icon
		ADDED from src\main\AndroidManifest.xml:8:7-41
		ADDED from src\main\AndroidManifest.xml:8:7-41
	android:allowBackup
		ADDED from src\main\AndroidManifest.xml:10:7-34
		ADDED from src\main\AndroidManifest.xml:10:7-34
	android:theme
		ADDED from src\main\AndroidManifest.xml:11:7-38
		ADDED from src\main\AndroidManifest.xml:11:7-38
	android:usesCleartextTraffic
		ADDED from src\debug\AndroidManifest.xml:8:9-44
	android:name
		ADDED from src\main\AndroidManifest.xml:6:7-38
		ADDED from src\main\AndroidManifest.xml:6:7-38
activity#com.urbantales.MainActivity
ADDED from src\main\AndroidManifest.xml:12:7-23:18
	android:label
		ADDED from src\main\AndroidManifest.xml:14:9-41
	android:launchMode
		ADDED from src\main\AndroidManifest.xml:16:9-40
	android:windowSoftInputMode
		ADDED from src\main\AndroidManifest.xml:17:9-51
	android:exported
		ADDED from src\main\AndroidManifest.xml:18:9-32
	android:configChanges
		ADDED from src\main\AndroidManifest.xml:15:9-118
	android:name
		ADDED from src\main\AndroidManifest.xml:13:9-37
intent-filter#action:name:android.intent.action.MAIN+category:name:android.intent.category.LAUNCHER
ADDED from src\main\AndroidManifest.xml:19:9-22:25
action#android.intent.action.MAIN
ADDED from src\main\AndroidManifest.xml:20:13-65
	android:name
		ADDED from src\main\AndroidManifest.xml:20:21-62
category#android.intent.category.LAUNCHER
ADDED from src\main\AndroidManifest.xml:21:13-73
	android:name
		ADDED from src\main\AndroidManifest.xml:21:23-70
uses-sdk
INJECTED from src\main\AndroidManifest.xml reason: use-sdk injection requested
INJECTED from src\main\AndroidManifest.xml
INJECTED from src\main\AndroidManifest.xml
MERGED from [com.facebook.flipper:flipper-network-plugin:0.182.0] AndroidManifest.xml:11:5-13:41
MERGED from [com.facebook.flipper:flipper-network-plugin:0.182.0] AndroidManifest.xml:11:5-13:41
MERGED from [com.facebook.flipper:flipper-fresco-plugin:0.182.0] AndroidManifest.xml:11:5-13:41
MERGED from [com.facebook.flipper:flipper-fresco-plugin:0.182.0] AndroidManifest.xml:11:5-13:41
MERGED from [com.facebook.flipper:flipper:0.182.0] AndroidManifest.xml:11:5-13:41
MERGED from [com.facebook.flipper:flipper:0.182.0] AndroidManifest.xml:11:5-13:41
MERGED from [:react-native-async-storage_async-storage] AndroidManifest.xml:5:5-44
MERGED from [:react-native-async-storage_async-storage] AndroidManifest.xml:5:5-44
MERGED from [:react-native-picker_picker] AndroidManifest.xml:5:5-44
MERGED from [:react-native-picker_picker] AndroidManifest.xml:5:5-44
MERGED from [:react-native-geolocation-service] AndroidManifest.xml:5:5-44
MERGED from [:react-native-geolocation-service] AndroidManifest.xml:5:5-44
MERGED from [:react-native-gesture-handler] AndroidManifest.xml:5:5-44
MERGED from [:react-native-gesture-handler] AndroidManifest.xml:5:5-44
MERGED from [:react-native-linear-gradient] AndroidManifest.xml:5:5-44
MERGED from [:react-native-linear-gradient] AndroidManifest.xml:5:5-44
MERGED from [:react-native-maps] AndroidManifest.xml:5:5-44
MERGED from [:react-native-maps] AndroidManifest.xml:5:5-44
MERGED from [:react-native-randombytes] AndroidManifest.xml:5:5-44
MERGED from [:react-native-randombytes] AndroidManifest.xml:5:5-44
MERGED from [:react-native-safe-area-context] AndroidManifest.xml:5:5-44
MERGED from [:react-native-safe-area-context] AndroidManifest.xml:5:5-44
MERGED from [:react-native-screens] AndroidManifest.xml:5:5-44
MERGED from [:react-native-screens] AndroidManifest.xml:5:5-44
MERGED from [:react-native-splash-screen] AndroidManifest.xml:5:5-44
MERGED from [:react-native-splash-screen] AndroidManifest.xml:5:5-44
MERGED from [:react-native-svg] AndroidManifest.xml:5:5-44
MERGED from [:react-native-svg] AndroidManifest.xml:5:5-44
MERGED from [:react-native-vector-icons] AndroidManifest.xml:5:5-44
MERGED from [:react-native-vector-icons] AndroidManifest.xml:5:5-44
MERGED from [com.facebook.react:react-android:0.72.6] AndroidManifest.xml:5:5-44
MERGED from [com.facebook.react:react-android:0.72.6] AndroidManifest.xml:5:5-44
MERGED from [com.facebook.react:hermes-android:0.72.6] AndroidManifest.xml:5:5-44
MERGED from [com.facebook.react:hermes-android:0.72.6] AndroidManifest.xml:5:5-44
MERGED from [com.facebook.fresco:imagepipeline-okhttp3:2.5.0] AndroidManifest.xml:5:5-7:41
MERGED from [com.facebook.fresco:imagepipeline-okhttp3:2.5.0] AndroidManifest.xml:5:5-7:41
MERGED from [com.google.android.gms:play-services-location:20.0.0] AndroidManifest.xml:5:5-44
MERGED from [com.google.android.gms:play-services-location:20.0.0] AndroidManifest.xml:5:5-44
MERGED from [com.google.android.gms:play-services-maps:18.0.2] AndroidManifest.xml:20:5-44
MERGED from [com.google.android.gms:play-services-maps:18.0.2] AndroidManifest.xml:20:5-44
MERGED from [com.google.android.gms:play-services-base:18.1.0] AndroidManifest.xml:18:5-43
MERGED from [com.google.android.gms:play-services-base:18.1.0] AndroidManifest.xml:18:5-43
MERGED from [com.google.android.material:material:1.9.0] AndroidManifest.xml:20:5-22:41
MERGED from [com.google.android.material:material:1.9.0] AndroidManifest.xml:20:5-22:41
MERGED from [androidx.appcompat:appcompat-resources:1.5.0] AndroidManifest.xml:20:5-44
MERGED from [androidx.appcompat:appcompat-resources:1.5.0] AndroidManifest.xml:20:5-44
MERGED from [androidx.constraintlayout:constraintlayout:2.0.1] AndroidManifest.xml:5:5-7:41
MERGED from [androidx.constraintlayout:constraintlayout:2.0.1] AndroidManifest.xml:5:5-7:41
MERGED from [androidx.appcompat:appcompat:1.5.0] AndroidManifest.xml:20:5-44
MERGED from [androidx.appcompat:appcompat:1.5.0] AndroidManifest.xml:20:5-44
MERGED from [com.google.android.gms:play-services-tasks:18.0.2] AndroidManifest.xml:4:5-43
MERGED from [com.google.android.gms:play-services-tasks:18.0.2] AndroidManifest.xml:4:5-43
MERGED from [com.google.android.gms:play-services-basement:18.1.0] AndroidManifest.xml:18:5-43
MERGED from [com.google.android.gms:play-services-basement:18.1.0] AndroidManifest.xml:18:5-43
MERGED from [androidx.viewpager2:viewpager2:1.0.0] AndroidManifest.xml:20:5-22:41
MERGED from [androidx.viewpager2:viewpager2:1.0.0] AndroidManifest.xml:20:5-22:41
MERGED from [androidx.fragment:fragment:1.3.6] AndroidManifest.xml:20:5-22:41
MERGED from [androidx.fragment:fragment:1.3.6] AndroidManifest.xml:20:5-22:41
MERGED from [androidx.activity:activity:1.5.0] AndroidManifest.xml:20:5-22:41
MERGED from [androidx.activity:activity:1.5.0] AndroidManifest.xml:20:5-22:41
MERGED from [androidx.dynamicanimation:dynamicanimation:1.0.0] AndroidManifest.xml:20:5-44
MERGED from [androidx.dynamicanimation:dynamicanimation:1.0.0] AndroidManifest.xml:20:5-44
MERGED from [androidx.legacy:legacy-support-core-utils:1.0.0] AndroidManifest.xml:20:5-44
MERGED from [androidx.legacy:legacy-support-core-utils:1.0.0] AndroidManifest.xml:20:5-44
MERGED from [androidx.loader:loader:1.0.0] AndroidManifest.xml:20:5-44
MERGED from [androidx.loader:loader:1.0.0] AndroidManifest.xml:20:5-44
MERGED from [androidx.lifecycle:lifecycle-viewmodel:2.5.0] AndroidManifest.xml:20:5-22:41
MERGED from [androidx.lifecycle:lifecycle-viewmodel:2.5.0] AndroidManifest.xml:20:5-22:41
MERGED from [androidx.lifecycle:lifecycle-viewmodel-savedstate:2.5.0] AndroidManifest.xml:20:5-22:41
MERGED from [androidx.lifecycle:lifecycle-viewmodel-savedstate:2.5.0] AndroidManifest.xml:20:5-22:41
MERGED from [androidx.core:core-ktx:1.8.0] AndroidManifest.xml:5:5-7:41
MERGED from [androidx.core:core-ktx:1.8.0] AndroidManifest.xml:5:5-7:41
MERGED from [androidx.savedstate:savedstate:1.2.0] AndroidManifest.xml:20:5-22:41
MERGED from [androidx.savedstate:savedstate:1.2.0] AndroidManifest.xml:20:5-22:41
MERGED from [com.android.ndk.thirdparty:openssl:1.1.1l-beta-1] AndroidManifest.xml:2:2-70
MERGED from [com.android.ndk.thirdparty:openssl:1.1.1l-beta-1] AndroidManifest.xml:2:2-70
MERGED from [com.facebook.fbjni:fbjni:0.3.0] AndroidManifest.xml:5:5-7:41
MERGED from [com.facebook.fbjni:fbjni:0.3.0] AndroidManifest.xml:5:5-7:41
MERGED from [com.facebook.fresco:flipper:2.6.0] AndroidManifest.xml:5:5-7:41
MERGED from [com.facebook.fresco:flipper:2.6.0] AndroidManifest.xml:5:5-7:41
MERGED from [com.facebook.fresco:stetho:2.6.0] AndroidManifest.xml:5:5-7:41
MERGED from [com.facebook.fresco:stetho:2.6.0] AndroidManifest.xml:5:5-7:41
MERGED from [com.facebook.fresco:fresco:2.6.0] AndroidManifest.xml:5:5-7:41
MERGED from [com.facebook.fresco:fresco:2.6.0] AndroidManifest.xml:5:5-7:41
MERGED from [com.facebook.fresco:soloader:2.6.0] AndroidManifest.xml:5:5-7:41
MERGED from [com.facebook.fresco:soloader:2.6.0] AndroidManifest.xml:5:5-7:41
MERGED from [com.facebook.fresco:drawee:2.6.0] AndroidManifest.xml:5:5-7:41
MERGED from [com.facebook.fresco:drawee:2.6.0] AndroidManifest.xml:5:5-7:41
MERGED from [com.facebook.fresco:nativeimagefilters:2.6.0] AndroidManifest.xml:5:5-7:41
MERGED from [com.facebook.fresco:nativeimagefilters:2.6.0] AndroidManifest.xml:5:5-7:41
MERGED from [com.facebook.fresco:memory-type-native:2.6.0] AndroidManifest.xml:5:5-7:41
MERGED from [com.facebook.fresco:memory-type-native:2.6.0] AndroidManifest.xml:5:5-7:41
MERGED from [com.facebook.fresco:memory-type-java:2.6.0] AndroidManifest.xml:5:5-7:41
MERGED from [com.facebook.fresco:memory-type-java:2.6.0] AndroidManifest.xml:5:5-7:41
MERGED from [com.facebook.fresco:imagepipeline-native:2.6.0] AndroidManifest.xml:5:5-7:41
MERGED from [com.facebook.fresco:imagepipeline-native:2.6.0] AndroidManifest.xml:5:5-7:41
MERGED from [com.facebook.soloader:soloader:0.10.5] AndroidManifest.xml:7:5-9:41
MERGED from [com.facebook.soloader:soloader:0.10.5] AndroidManifest.xml:7:5-9:41
MERGED from [com.facebook.fresco:memory-type-ashmem:2.6.0] AndroidManifest.xml:5:5-7:41
MERGED from [com.facebook.fresco:memory-type-ashmem:2.6.0] AndroidManifest.xml:5:5-7:41
MERGED from [com.facebook.fresco:imagepipeline:2.6.0] AndroidManifest.xml:5:5-7:41
MERGED from [com.facebook.fresco:imagepipeline:2.6.0] AndroidManifest.xml:5:5-7:41
MERGED from [com.facebook.fresco:nativeimagetranscoder:2.6.0] AndroidManifest.xml:5:5-7:41
MERGED from [com.facebook.fresco:nativeimagetranscoder:2.6.0] AndroidManifest.xml:5:5-7:41
MERGED from [com.facebook.fresco:imagepipeline-base:2.6.0] AndroidManifest.xml:5:5-7:41
MERGED from [com.facebook.fresco:imagepipeline-base:2.6.0] AndroidManifest.xml:5:5-7:41
MERGED from [androidx.work:work-runtime:2.7.1] AndroidManifest.xml:21:5-23:41
MERGED from [androidx.work:work-runtime:2.7.1] AndroidManifest.xml:21:5-23:41
MERGED from [androidx.room:room-runtime:2.2.5] AndroidManifest.xml:20:5-22:41
MERGED from [androidx.room:room-runtime:2.2.5] AndroidManifest.xml:20:5-22:41
MERGED from [androidx.sqlite:sqlite-framework:2.2.0] AndroidManifest.xml:20:5-22:41
MERGED from [androidx.sqlite:sqlite-framework:2.2.0] AndroidManifest.xml:20:5-22:41
MERGED from [androidx.autofill:autofill:1.1.0] AndroidManifest.xml:20:5-22:41
MERGED from [androidx.autofill:autofill:1.1.0] AndroidManifest.xml:20:5-22:41
MERGED from [androidx.swiperefreshlayout:swiperefreshlayout:1.1.0] AndroidManifest.xml:20:5-22:41
MERGED from [androidx.swiperefreshlayout:swiperefreshlayout:1.1.0] AndroidManifest.xml:20:5-22:41
MERGED from [androidx.emoji2:emoji2-views-helper:1.2.0] AndroidManifest.xml:5:5-44
MERGED from [androidx.emoji2:emoji2-views-helper:1.2.0] AndroidManifest.xml:5:5-44
MERGED from [androidx.emoji2:emoji2:1.2.0] AndroidManifest.xml:21:5-44
MERGED from [androidx.emoji2:emoji2:1.2.0] AndroidManifest.xml:21:5-44
MERGED from [androidx.lifecycle:lifecycle-process:2.4.1] AndroidManifest.xml:21:5-23:41
MERGED from [androidx.lifecycle:lifecycle-process:2.4.1] AndroidManifest.xml:21:5-23:41
MERGED from [androidx.startup:startup-runtime:1.1.1] AndroidManifest.xml:21:5-23:41
MERGED from [androidx.startup:startup-runtime:1.1.1] AndroidManifest.xml:21:5-23:41
MERGED from [androidx.tracing:tracing:1.1.0] AndroidManifest.xml:20:5-22:41
MERGED from [androidx.tracing:tracing:1.1.0] AndroidManifest.xml:20:5-22:41
MERGED from [com.facebook.fresco:middleware:2.6.0] AndroidManifest.xml:5:5-7:41
MERGED from [com.facebook.fresco:middleware:2.6.0] AndroidManifest.xml:5:5-7:41
MERGED from [com.facebook.fresco:ui-common:2.6.0] AndroidManifest.xml:5:5-7:41
MERGED from [com.facebook.fresco:ui-common:2.6.0] AndroidManifest.xml:5:5-7:41
MERGED from [androidx.coordinatorlayout:coordinatorlayout:1.2.0] AndroidManifest.xml:20:5-22:41
MERGED from [androidx.coordinatorlayout:coordinatorlayout:1.2.0] AndroidManifest.xml:20:5-22:41
MERGED from [androidx.sqlite:sqlite:2.2.0] AndroidManifest.xml:20:5-22:41
MERGED from [androidx.sqlite:sqlite:2.2.0] AndroidManifest.xml:20:5-22:41
MERGED from [androidx.vectordrawable:vectordrawable-animated:1.1.0] AndroidManifest.xml:20:5-22:41
MERGED from [androidx.vectordrawable:vectordrawable-animated:1.1.0] AndroidManifest.xml:20:5-22:41
MERGED from [androidx.vectordrawable:vectordrawable:1.1.0] AndroidManifest.xml:20:5-22:41
MERGED from [androidx.vectordrawable:vectordrawable:1.1.0] AndroidManifest.xml:20:5-22:41
MERGED from [androidx.viewpager:viewpager:1.0.0] AndroidManifest.xml:20:5-44
MERGED from [androidx.viewpager:viewpager:1.0.0] AndroidManifest.xml:20:5-44
MERGED from [androidx.drawerlayout:drawerlayout:1.1.1] AndroidManifest.xml:20:5-22:41
MERGED from [androidx.drawerlayout:drawerlayout:1.1.1] AndroidManifest.xml:20:5-22:41
MERGED from [androidx.transition:transition:1.2.0] AndroidManifest.xml:20:5-22:41
MERGED from [androidx.transition:transition:1.2.0] AndroidManifest.xml:20:5-22:41
MERGED from [androidx.recyclerview:recyclerview:1.1.0] AndroidManifest.xml:20:5-22:41
MERGED from [androidx.recyclerview:recyclerview:1.1.0] AndroidManifest.xml:20:5-22:41
MERGED from [androidx.customview:customview:1.1.0] AndroidManifest.xml:20:5-22:41
MERGED from [androidx.customview:customview:1.1.0] AndroidManifest.xml:20:5-22:41
MERGED from [androidx.core:core:1.8.0] AndroidManifest.xml:20:5-22:41
MERGED from [androidx.core:core:1.8.0] AndroidManifest.xml:20:5-22:41
MERGED from [androidx.cursoradapter:cursoradapter:1.0.0] AndroidManifest.xml:20:5-44
MERGED from [androidx.cursoradapter:cursoradapter:1.0.0] AndroidManifest.xml:20:5-44
MERGED from [androidx.interpolator:interpolator:1.0.0] AndroidManifest.xml:20:5-44
MERGED from [androidx.interpolator:interpolator:1.0.0] AndroidManifest.xml:20:5-44
MERGED from [androidx.versionedparcelable:versionedparcelable:1.1.1] AndroidManifest.xml:20:5-22:41
MERGED from [androidx.versionedparcelable:versionedparcelable:1.1.1] AndroidManifest.xml:20:5-22:41
MERGED from [androidx.cardview:cardview:1.0.0] AndroidManifest.xml:20:5-44
MERGED from [androidx.cardview:cardview:1.0.0] AndroidManifest.xml:20:5-44
MERGED from [androidx.lifecycle:lifecycle-livedata:2.1.0] AndroidManifest.xml:20:5-44
MERGED from [androidx.lifecycle:lifecycle-livedata:2.1.0] AndroidManifest.xml:20:5-44
MERGED from [androidx.lifecycle:lifecycle-service:2.1.0] AndroidManifest.xml:20:5-44
MERGED from [androidx.lifecycle:lifecycle-service:2.1.0] AndroidManifest.xml:20:5-44
MERGED from [androidx.lifecycle:lifecycle-runtime:2.5.0] AndroidManifest.xml:20:5-22:41
MERGED from [androidx.lifecycle:lifecycle-runtime:2.5.0] AndroidManifest.xml:20:5-22:41
MERGED from [androidx.lifecycle:lifecycle-livedata-core:2.5.0] AndroidManifest.xml:20:5-22:41
MERGED from [androidx.lifecycle:lifecycle-livedata-core:2.5.0] AndroidManifest.xml:20:5-22:41
MERGED from [androidx.arch.core:core-runtime:2.1.0] AndroidManifest.xml:20:5-22:41
MERGED from [androidx.arch.core:core-runtime:2.1.0] AndroidManifest.xml:20:5-22:41
MERGED from [androidx.documentfile:documentfile:1.0.0] AndroidManifest.xml:20:5-44
MERGED from [androidx.documentfile:documentfile:1.0.0] AndroidManifest.xml:20:5-44
MERGED from [androidx.localbroadcastmanager:localbroadcastmanager:1.0.0] AndroidManifest.xml:20:5-44
MERGED from [androidx.localbroadcastmanager:localbroadcastmanager:1.0.0] AndroidManifest.xml:20:5-44
MERGED from [androidx.print:print:1.0.0] AndroidManifest.xml:20:5-44
MERGED from [androidx.print:print:1.0.0] AndroidManifest.xml:20:5-44
MERGED from [com.google.maps.android:android-maps-utils:3.4.0] AndroidManifest.xml:5:5-7:41
MERGED from [com.google.maps.android:android-maps-utils:3.4.0] AndroidManifest.xml:5:5-7:41
MERGED from [com.facebook.fresco:fbcore:2.6.0] AndroidManifest.xml:5:5-7:41
MERGED from [com.facebook.fresco:fbcore:2.6.0] AndroidManifest.xml:5:5-7:41
MERGED from [androidx.annotation:annotation-experimental:1.1.0] AndroidManifest.xml:20:5-22:41
MERGED from [androidx.annotation:annotation-experimental:1.1.0] AndroidManifest.xml:20:5-22:41
INJECTED from src\debug\AndroidManifest.xml
INJECTED from src\debug\AndroidManifest.xml
	android:targetSdkVersion
		INJECTED from src\main\AndroidManifest.xml
		INJECTED from src\debug\AndroidManifest.xml
	android:minSdkVersion
		INJECTED from src\main\AndroidManifest.xml
		INJECTED from src\debug\AndroidManifest.xml
uses-permission#android.permission.SYSTEM_ALERT_WINDOW
ADDED from src\debug\AndroidManifest.xml:5:5-77
	android:name
		ADDED from src\debug\AndroidManifest.xml:5:22-75
activity#com.facebook.react.devsupport.DevSettingsActivity
ADDED from src\debug\AndroidManifest.xml:11:9-111
	android:exported
		ADDED from src\debug\AndroidManifest.xml:11:84-108
	android:name
		ADDED from src\debug\AndroidManifest.xml:11:19-83
uses-permission#android.permission.ACCESS_WIFI_STATE
ADDED from [com.facebook.flipper:flipper:0.182.0] AndroidManifest.xml:16:5-76
	android:name